2025-07-06 18:27:00,018 - INFO - Found 25 PDF files to process
2025-07-06 18:27:00,018 - INFO - Processing: A global dataset for the production and usage of cereal residues in the period 1997–2021.pdf
2025-07-06 18:27:04,553 - INFO - Text extracted: 47880 characters
2025-07-06 18:27:11,428 - INFO - Tables extracted: 4 tables
2025-07-06 18:27:11,440 - INFO - Completed: A global dataset for the production and usage of cereal residues in the period 1997–2021.pdf - Quality: 1.00
2025-07-06 18:27:11,440 - INFO - Processing: Agricultural Pollution Field Burning.pdf
2025-07-06 18:27:26,648 - INFO - Text extracted: 20117 characters
2025-07-06 18:27:34,513 - INFO - Tables extracted: 2 tables
2025-07-06 18:27:34,521 - INFO - Completed: Agricultural Pollution Field Burning.pdf - Quality: 1.00
2025-07-06 18:27:34,521 - INFO - Processing: Balance of potassium in two long-term field experiments with different fertilization treatments.pdf
2025-07-06 18:27:40,167 - INFO - Text extracted: 30257 characters
2025-07-06 18:27:45,562 - INFO - Tables extracted: 8 tables
2025-07-06 18:27:45,573 - INFO - Completed: Balance of potassium in two long-term field experiments with different fertilization treatments.pdf - Quality: 1.00
2025-07-06 18:27:45,573 - INFO - Processing: Considering_Soil_Potassium_Pools_with_Dissimilar_P.pdf
2025-07-06 18:27:49,906 - INFO - Text extracted: 92189 characters
2025-07-06 18:28:01,960 - INFO - Tables extracted: 0 tables
2025-07-06 18:28:01,962 - INFO - Completed: Considering_Soil_Potassium_Pools_with_Dissimilar_P.pdf - Quality: 0.70
2025-07-06 18:28:01,962 - INFO - Processing: Dynamics of Soil Potassium under Different Cropping Systems in Y.S.R Kadapa District of Andhra Pradesh.pdf
2025-07-06 18:28:03,615 - INFO - Text extracted: 27454 characters
2025-07-06 18:28:07,549 - INFO - Tables extracted: 0 tables
2025-07-06 18:28:07,551 - INFO - Completed: Dynamics of Soil Potassium under Different Cropping Systems in Y.S.R Kadapa District of Andhra Pradesh.pdf - Quality: 0.70
2025-07-06 18:28:07,551 - INFO - Processing: Exchangeable potassium reserve in a Brazilian savanna Oxisol after nine years under different cotton production systems.pdf
2025-07-06 18:28:11,988 - INFO - Text extracted: 38274 characters
2025-07-06 18:28:17,291 - INFO - Tables extracted: 4 tables
2025-07-06 18:28:17,301 - INFO - Completed: Exchangeable potassium reserve in a Brazilian savanna Oxisol after nine years under different cotton production systems.pdf - Quality: 1.00
2025-07-06 18:28:17,302 - INFO - Processing: Field-specific potassium and phosphorus balances.pdf
2025-07-06 18:28:43,854 - INFO - Text extracted: 339121 characters
2025-07-06 18:29:34,836 - INFO - Tables extracted: 50 tables
2025-07-06 18:29:34,952 - INFO - Completed: Field-specific potassium and phosphorus balances.pdf - Quality: 1.00
2025-07-06 18:29:34,953 - INFO - Processing: Global Fostat Reference Database.pdf
2025-07-06 18:29:40,189 - INFO - Text extracted: 79313 characters
2025-07-06 18:29:51,394 - INFO - Tables extracted: 0 tables
2025-07-06 18:29:51,396 - INFO - Completed: Global Fostat Reference Database.pdf - Quality: 0.70
2025-07-06 18:29:51,396 - INFO - Processing: Impact of Long-Term Intensive Cropping on Soil Potassium and Sustainability of Crop Production.pdf
2025-07-06 18:29:53,710 - INFO - Text extracted: 28152 characters
2025-07-06 18:30:00,089 - WARNING - Cannot set gray non-stroke color because /'P1' is an invalid float value
2025-07-06 18:30:00,090 - WARNING - Cannot set gray non-stroke color because /'P2' is an invalid float value
2025-07-06 18:30:00,090 - WARNING - Cannot set gray non-stroke color because /'P3' is an invalid float value
2025-07-06 18:30:00,091 - WARNING - Cannot set gray non-stroke color because /'P1' is an invalid float value
2025-07-06 18:30:00,091 - WARNING - Cannot set gray non-stroke color because /'P2' is an invalid float value
2025-07-06 18:30:00,091 - WARNING - Cannot set gray non-stroke color because /'P3' is an invalid float value
2025-07-06 18:30:00,092 - WARNING - Cannot set gray non-stroke color because /'P1' is an invalid float value
2025-07-06 18:30:00,092 - WARNING - Cannot set gray non-stroke color because /'P2' is an invalid float value
2025-07-06 18:30:00,093 - WARNING - Cannot set gray non-stroke color because /'P3' is an invalid float value
2025-07-06 18:30:00,093 - WARNING - Cannot set gray non-stroke color because /'P1' is an invalid float value
2025-07-06 18:30:00,094 - WARNING - Cannot set gray non-stroke color because /'P2' is an invalid float value
2025-07-06 18:30:00,094 - WARNING - Cannot set gray non-stroke color because /'P3' is an invalid float value
2025-07-06 18:30:00,094 - WARNING - Cannot set gray non-stroke color because /'P1' is an invalid float value
2025-07-06 18:30:00,095 - WARNING - Cannot set gray non-stroke color because /'P2' is an invalid float value
2025-07-06 18:30:00,095 - WARNING - Cannot set gray non-stroke color because /'P3' is an invalid float value
2025-07-06 18:30:00,095 - WARNING - Cannot set gray non-stroke color because /'P1' is an invalid float value
2025-07-06 18:30:00,096 - WARNING - Cannot set gray non-stroke color because /'P2' is an invalid float value
2025-07-06 18:30:00,096 - WARNING - Cannot set gray non-stroke color because /'P3' is an invalid float value
2025-07-06 18:30:02,544 - INFO - Tables extracted: 13 tables
2025-07-06 18:30:02,566 - INFO - Completed: Impact of Long-Term Intensive Cropping on Soil Potassium and Sustainability of Crop Production.pdf - Quality: 1.00
2025-07-06 18:30:02,566 - INFO - Processing: Impact of potassium management on soil dynamics and crop uptake in rice systems.pdf
2025-07-06 18:30:08,155 - INFO - Text extracted: 46431 characters
2025-07-06 18:30:08,277 - WARNING - Cannot set gray non-stroke color because /'P0' is an invalid float value
2025-07-06 18:30:15,541 - INFO - Tables extracted: 3 tables
2025-07-06 18:30:15,552 - INFO - Completed: Impact of potassium management on soil dynamics and crop uptake in rice systems.pdf - Quality: 1.00
2025-07-06 18:30:15,553 - INFO - Processing: Interannual dynamics of available potassium in a long-term fertilization experiment.pdf
2025-07-06 18:30:21,900 - INFO - Text extracted: 36892 characters
2025-07-06 18:30:28,816 - INFO - Tables extracted: 1 tables
2025-07-06 18:30:28,821 - INFO - Completed: Interannual dynamics of available potassium in a long-term fertilization experiment.pdf - Quality: 1.00
2025-07-06 18:30:28,822 - INFO - Processing: Kinetics of Non-exchangeable Potassium Release in Selected Soil Orders of Southern Iran.pdf
2025-07-06 18:30:33,486 - INFO - Text extracted: 30842 characters
2025-07-06 18:30:39,555 - INFO - Tables extracted: 0 tables
2025-07-06 18:30:39,557 - INFO - Completed: Kinetics of Non-exchangeable Potassium Release in Selected Soil Orders of Southern Iran.pdf - Quality: 0.70
2025-07-06 18:30:39,557 - INFO - Processing: Long-term K dynamics in organic and conventional mixed cropping systems as related to management and soil properties.pdf
2025-07-06 18:30:43,682 - INFO - Text extracted: 5450 characters
2025-07-06 18:30:44,773 - WARNING - Cannot set gray non-stroke color because /'P1' is an invalid float value
2025-07-06 18:30:44,778 - WARNING - Cannot set gray non-stroke color because /'P2' is an invalid float value
2025-07-06 18:30:44,867 - WARNING - Cannot set gray non-stroke color because /'P1' is an invalid float value
2025-07-06 18:30:44,869 - WARNING - Cannot set gray non-stroke color because /'P2' is an invalid float value
2025-07-06 18:30:47,454 - WARNING - Cannot set gray non-stroke color because /'P3' is an invalid float value
2025-07-06 18:30:47,454 - WARNING - Cannot set gray non-stroke color because /'P4' is an invalid float value
2025-07-06 18:30:47,459 - WARNING - Cannot set gray non-stroke color because /'P5' is an invalid float value
2025-07-06 18:30:47,461 - WARNING - Cannot set gray non-stroke color because /'P5' is an invalid float value
2025-07-06 18:30:47,461 - WARNING - Cannot set gray non-stroke color because /'P4' is an invalid float value
2025-07-06 18:30:53,015 - WARNING - Cannot set gray non-stroke color because /'P6' is an invalid float value
2025-07-06 18:30:53,018 - WARNING - Cannot set gray non-stroke color because /'P6' is an invalid float value
2025-07-06 18:30:53,019 - WARNING - Cannot set gray non-stroke color because /'P6' is an invalid float value
2025-07-06 18:30:53,020 - WARNING - Cannot set gray non-stroke color because /'P6' is an invalid float value
2025-07-06 18:30:53,023 - WARNING - Cannot set gray non-stroke color because /'P7' is an invalid float value
2025-07-06 18:30:53,030 - WARNING - Cannot set gray non-stroke color because /'P8' is an invalid float value
2025-07-06 18:30:53,031 - WARNING - Cannot set gray non-stroke color because /'P9' is an invalid float value
2025-07-06 18:30:53,034 - WARNING - Cannot set gray non-stroke color because /'P10' is an invalid float value
2025-07-06 18:30:53,035 - WARNING - Cannot set gray non-stroke color because /'P11' is an invalid float value
2025-07-06 18:30:53,040 - WARNING - Cannot set gray non-stroke color because /'P11' is an invalid float value
2025-07-06 18:30:53,041 - WARNING - Cannot set gray non-stroke color because /'P10' is an invalid float value
2025-07-06 18:30:53,042 - WARNING - Cannot set gray non-stroke color because /'P9' is an invalid float value
2025-07-06 18:30:53,043 - WARNING - Cannot set gray non-stroke color because /'P8' is an invalid float value
2025-07-06 18:30:53,045 - WARNING - Cannot set gray non-stroke color because /'P8' is an invalid float value
2025-07-06 18:30:53,046 - WARNING - Cannot set gray non-stroke color because /'P9' is an invalid float value
2025-07-06 18:30:53,048 - WARNING - Cannot set gray non-stroke color because /'P10' is an invalid float value
2025-07-06 18:30:53,049 - WARNING - Cannot set gray non-stroke color because /'P11' is an invalid float value
2025-07-06 18:30:53,054 - WARNING - Cannot set gray non-stroke color because /'P11' is an invalid float value
2025-07-06 18:30:53,055 - WARNING - Cannot set gray non-stroke color because /'P10' is an invalid float value
2025-07-06 18:30:53,057 - WARNING - Cannot set gray non-stroke color because /'P9' is an invalid float value
2025-07-06 18:30:53,058 - WARNING - Cannot set gray non-stroke color because /'P8' is an invalid float value
2025-07-06 18:30:53,060 - WARNING - Cannot set gray non-stroke color because /'P8' is an invalid float value
2025-07-06 18:30:53,062 - WARNING - Cannot set gray non-stroke color because /'P9' is an invalid float value
2025-07-06 18:30:53,064 - WARNING - Cannot set gray non-stroke color because /'P10' is an invalid float value
2025-07-06 18:30:53,065 - WARNING - Cannot set gray non-stroke color because /'P11' is an invalid float value
2025-07-06 18:30:53,069 - WARNING - Cannot set gray non-stroke color because /'P11' is an invalid float value
2025-07-06 18:30:53,070 - WARNING - Cannot set gray non-stroke color because /'P10' is an invalid float value
2025-07-06 18:30:53,072 - WARNING - Cannot set gray non-stroke color because /'P9' is an invalid float value
2025-07-06 18:30:53,073 - WARNING - Cannot set gray non-stroke color because /'P8' is an invalid float value
2025-07-06 18:30:53,076 - WARNING - Cannot set gray non-stroke color because /'P8' is an invalid float value
2025-07-06 18:30:53,077 - WARNING - Cannot set gray non-stroke color because /'P9' is an invalid float value
2025-07-06 18:30:53,079 - WARNING - Cannot set gray non-stroke color because /'P10' is an invalid float value
2025-07-06 18:30:53,080 - WARNING - Cannot set gray non-stroke color because /'P11' is an invalid float value
2025-07-06 18:30:53,085 - WARNING - Cannot set gray non-stroke color because /'P11' is an invalid float value
2025-07-06 18:30:53,086 - WARNING - Cannot set gray non-stroke color because /'P10' is an invalid float value
2025-07-06 18:30:53,087 - WARNING - Cannot set gray non-stroke color because /'P9' is an invalid float value
2025-07-06 18:30:53,089 - WARNING - Cannot set gray non-stroke color because /'P8' is an invalid float value
2025-07-06 18:30:53,630 - WARNING - Cannot set gray non-stroke color because /'P12' is an invalid float value
2025-07-06 18:30:53,631 - WARNING - Cannot set gray non-stroke color because /'P13' is an invalid float value
2025-07-06 18:30:53,631 - WARNING - Cannot set gray non-stroke color because /'P14' is an invalid float value
2025-07-06 18:30:53,632 - WARNING - Cannot set gray non-stroke color because /'P13' is an invalid float value
2025-07-06 18:30:53,632 - WARNING - Cannot set gray non-stroke color because /'P15' is an invalid float value
2025-07-06 18:30:53,633 - WARNING - Cannot set gray non-stroke color because /'P16' is an invalid float value
2025-07-06 18:30:53,633 - WARNING - Cannot set gray non-stroke color because /'P12' is an invalid float value
2025-07-06 18:30:53,633 - WARNING - Cannot set gray non-stroke color because /'P16' is an invalid float value
2025-07-06 18:30:53,634 - WARNING - Cannot set gray non-stroke color because /'P12' is an invalid float value
2025-07-06 18:30:53,634 - WARNING - Cannot set gray non-stroke color because /'P16' is an invalid float value
2025-07-06 18:30:53,635 - WARNING - Cannot set gray non-stroke color because /'P12' is an invalid float value
2025-07-06 18:30:53,645 - WARNING - Cannot set gray non-stroke color because /'P17' is an invalid float value
2025-07-06 18:30:53,646 - WARNING - Cannot set gray non-stroke color because /'P18' is an invalid float value
2025-07-06 18:30:56,981 - INFO - Tables extracted: 33 tables
2025-07-06 18:30:57,025 - INFO - Completed: Long-term K dynamics in organic and conventional mixed cropping systems as related to management and soil properties.pdf - Quality: 1.00
2025-07-06 18:30:57,026 - INFO - Processing: Majumdar2021_Chapter_AssessingPotassiumMassBalances.pdf
2025-07-06 18:31:09,799 - INFO - Text extracted: 171553 characters
2025-07-06 18:31:35,190 - INFO - Tables extracted: 25 tables
2025-07-06 18:31:35,226 - INFO - Completed: Majumdar2021_Chapter_AssessingPotassiumMassBalances.pdf - Quality: 1.00
2025-07-06 18:31:35,226 - INFO - Processing: Nutrient Partitioning and Stoichiometry in Unburnt Sugarcane Ratoon at Varying Yield Levels.pdf
2025-07-06 18:31:46,638 - INFO - Text extracted: 74959 characters
2025-07-06 18:31:59,461 - INFO - Tables extracted: 4 tables
2025-07-06 18:31:59,473 - INFO - Completed: Nutrient Partitioning and Stoichiometry in Unburnt Sugarcane Ratoon at Varying Yield Levels.pdf - Quality: 1.00
2025-07-06 18:31:59,474 - INFO - Processing: Optimizing rice yield, quality and nutrient use efficiency through combined application of nitrogen and potassium.pdf
2025-07-06 18:32:12,592 - INFO - Text extracted: 79007 characters
2025-07-06 18:32:29,722 - INFO - Tables extracted: 13 tables
2025-07-06 18:32:29,755 - INFO - Completed: Optimizing rice yield, quality and nutrient use efficiency through combined application of nitrogen and potassium.pdf - Quality: 1.00
2025-07-06 18:32:29,755 - INFO - Processing: Organic Materials.pdf
2025-07-06 18:32:30,139 - INFO - Text extracted: 2252 characters
2025-07-06 18:32:31,710 - INFO - Tables extracted: 4 tables
2025-07-06 18:32:31,715 - INFO - Completed: Organic Materials.pdf - Quality: 1.00
2025-07-06 18:32:31,715 - INFO - Processing: PotassiumDynamicsinSoils.pdf
2025-07-06 18:32:34,178 - INFO - Text extracted: 29234 characters
2025-07-06 18:32:39,004 - INFO - Tables extracted: 4 tables
2025-07-06 18:32:39,015 - INFO - Completed: PotassiumDynamicsinSoils.pdf - Quality: 1.00
2025-07-06 18:32:39,015 - INFO - Processing: principles-of-potash-use.pdf
2025-07-06 18:32:42,256 - INFO - Text extracted: 21790 characters
2025-07-06 18:32:46,764 - INFO - Tables extracted: 3 tables
2025-07-06 18:32:46,770 - INFO - Completed: principles-of-potash-use.pdf - Quality: 1.00
2025-07-06 18:32:46,770 - INFO - Processing: Release Kinetics of Nonexchangeable Potassium by Different Extractants from Soils of Varying Mineralogy and Depth.pdf
2025-07-06 18:32:48,302 - INFO - Text extracted: 41385 characters
2025-07-06 18:32:57,633 - INFO - Tables extracted: 0 tables
2025-07-06 18:32:57,635 - INFO - Completed: Release Kinetics of Nonexchangeable Potassium by Different Extractants from Soils of Varying Mineralogy and Depth.pdf - Quality: 0.70
2025-07-06 18:32:57,635 - INFO - Processing: Root K Affinity Drivers and Photosynthetic Characteristics in Response to Low Potassium Stress in K High-Efficiency Vegetable Soybean.pdf
2025-07-06 18:33:06,452 - INFO - Text extracted: 58998 characters
2025-07-06 18:33:06,544 - WARNING - Cannot set gray non-stroke color because /'R10' is an invalid float value
2025-07-06 18:33:16,079 - INFO - Tables extracted: 4 tables
2025-07-06 18:33:16,088 - INFO - Completed: Root K Affinity Drivers and Photosynthetic Characteristics in Response to Low Potassium Stress in K High-Efficiency Vegetable Soybean.pdf - Quality: 1.00
2025-07-06 18:33:16,088 - INFO - Processing: Soil K Balance in Sichuan.pdf
2025-07-06 18:33:20,794 - INFO - Text extracted: 59918 characters
2025-07-06 18:33:32,235 - INFO - Tables extracted: 2 tables
2025-07-06 18:33:32,243 - INFO - Completed: Soil K Balance in Sichuan.pdf - Quality: 1.00
2025-07-06 18:33:32,243 - INFO - Processing: Standing Biomass, Dry-Matter Production, and Nutrient Demand of Tenera Oil Palm.pdf
2025-07-06 18:33:37,909 - INFO - Text extracted: 74489 characters
2025-07-06 18:33:49,290 - INFO - Tables extracted: 2 tables
2025-07-06 18:33:49,298 - INFO - Completed: Standing Biomass, Dry-Matter Production, and Nutrient Demand of Tenera Oil Palm.pdf - Quality: 1.00
2025-07-06 18:33:55,436 - INFO - Text extracted: 53024 characters
2025-07-06 18:34:02,494 - INFO - Tables extracted: 8 tables
2025-07-06 18:34:02,504 - INFO - Processing: Temporal andspatial variation of potassium balance in agricultural land at national and regional levels in China.pdf
2025-07-06 18:34:12,324 - INFO - Text extracted: 56261 characters
2025-07-06 18:34:22,850 - INFO - Tables extracted: 12 tables
2025-07-06 18:34:22,867 - INFO - Completed: Temporal andspatial variation of potassium balance in agricultural land at national and regional levels in China.pdf - Quality: 1.00
