2025-07-10 17:49:42,629 - INFO - ================================================================================
2025-07-10 17:49:42,629 - INFO - Starting Manure Cycling Integration Evidence Extraction
2025-07-10 17:49:42,630 - INFO - ================================================================================
2025-07-10 17:49:42,640 - INFO - Found 25 Stage 4B files to process
2025-07-10 17:49:42,640 - INFO - 
Processing [1/25]: A global dataset for the production and usage of cereal residues in the period 1997–2021_4b_20250710_164122.json
2025-07-10 17:49:42,650 - INFO -   ✓ Extracted 19 evidence pieces
2025-07-10 17:49:42,652 - INFO - 
Processing [2/25]: Agricultural Pollution Field Burning_4b_20250710_164152.json
2025-07-10 17:49:42,659 - WARNING - No 'enhanced_mapping' section in Agricultural Pollution Field Burning_4b_20250710_164152.json
2025-07-10 17:49:42,660 - INFO - 
Processing [3/25]: Balance of potassium in two long-term field experiments with different fertilization treatments_4b_20250710_164202.json
2025-07-10 17:49:42,667 - INFO -   ✓ Extracted 6 evidence pieces
2025-07-10 17:49:42,667 - INFO - 
Processing [4/25]: Considering_Soil_Potassium_Pools_with_Dissimilar_P_4b_20250710_164303.json
2025-07-10 17:49:42,675 - INFO -   ✓ Extracted 3 evidence pieces
2025-07-10 17:49:42,675 - INFO - 
Processing [5/25]: Dynamics of Soil Potassium under Different Cropping Systems in Y.S.R Kadapa District of Andhra Pradesh_4b_20250710_164200.json
2025-07-10 17:49:42,682 - INFO -   ✓ Extracted 7 evidence pieces
2025-07-10 17:49:42,683 - INFO - 
Processing [6/25]: Exchangeable potassium reserve in a Brazilian savanna Oxisol after nine years under different cotton production systems_4b_20250710_164202.json
2025-07-10 17:49:42,692 - INFO -   ✓ Extracted 7 evidence pieces
2025-07-10 17:49:42,692 - INFO - 
Processing [7/25]: Field-specific potassium and phosphorus balances_4b_20250710_164142.json
2025-07-10 17:49:42,702 - INFO -   ✓ Extracted 6 evidence pieces
2025-07-10 17:49:42,702 - INFO - 
Processing [8/25]: Global Fostat Reference Database_4b_20250710_164145.json
2025-07-10 17:49:42,710 - INFO -   ✓ Extracted 4 evidence pieces
2025-07-10 17:49:42,711 - INFO - 
Processing [9/25]: Impact of Long-Term Intensive Cropping on Soil Potassium and Sustainability of Crop Production_4b_20250710_164252.json
2025-07-10 17:49:42,719 - INFO -   ✓ Extracted 26 evidence pieces
2025-07-10 17:49:42,720 - INFO - 
Processing [10/25]: Impact of potassium management on soil dynamics and crop uptake in rice systems_4b_20250710_164206.json
2025-07-10 17:49:42,727 - WARNING -   ⚠ No manure cycling integration evidence found
2025-07-10 17:49:42,728 - INFO - 
Processing [11/25]: Interannual dynamics of available potassium in a long-term fertilization experiment_4b_20250710_164158.json
2025-07-10 17:49:42,735 - INFO -   ✓ Extracted 5 evidence pieces
2025-07-10 17:49:42,736 - INFO - 
Processing [12/25]: Kinetics of Non-exchangeable Potassium Release in Selected Soil Orders of Southern Iran_4b_20250710_164152.json
2025-07-10 17:49:42,744 - INFO -   ✓ Extracted 3 evidence pieces
2025-07-10 17:49:42,744 - INFO - 
Processing [13/25]: Long-term K dynamics in organic and conventional mixed cropping systems as related to management and soil properties_4b_20250710_164207.json
2025-07-10 17:49:42,752 - INFO -   ✓ Extracted 1 evidence pieces
2025-07-10 17:49:42,752 - INFO - 
Processing [14/25]: Majumdar2021_Chapter_AssessingPotassiumMassBalances_4b_20250710_162423.json
2025-07-10 17:49:42,764 - INFO -   ✓ Extracted 36 evidence pieces
2025-07-10 17:49:42,764 - INFO - 
Processing [15/25]: Nutrient Partitioning and Stoichiometry in Unburnt Sugarcane Ratoon at Varying Yield Levels_4b_20250710_164153.json
2025-07-10 17:49:42,773 - INFO -   ✓ Extracted 4 evidence pieces
2025-07-10 17:49:42,773 - INFO - 
Processing [16/25]: Optimizing rice yield, quality and nutrient use efficiency through combined application of nitrogen and potassium_4b_20250710_164152.json
2025-07-10 17:49:42,780 - INFO -   ✓ Extracted 4 evidence pieces
2025-07-10 17:49:42,780 - INFO - 
Processing [17/25]: Organic Materials_4b_20250710_164127.json
2025-07-10 17:49:42,788 - INFO -   ✓ Extracted 4 evidence pieces
2025-07-10 17:49:42,789 - INFO - 
Processing [18/25]: PotassiumDynamicsinSoils_4b_20250710_164226.json
2025-07-10 17:49:42,798 - INFO -   ✓ Extracted 27 evidence pieces
2025-07-10 17:49:42,798 - INFO - 
Processing [19/25]: principles-of-potash-use_4b_20250710_164148.json
2025-07-10 17:49:42,806 - INFO -   ✓ Extracted 6 evidence pieces
2025-07-10 17:49:42,807 - INFO - 
Processing [20/25]: Release Kinetics of Nonexchangeable Potassium by Different Extractants from Soils of Varying Mineralogy and Depth_4b_20250710_164143.json
2025-07-10 17:49:42,814 - INFO -   ✓ Extracted 2 evidence pieces
2025-07-10 17:49:42,814 - INFO - 
Processing [21/25]: Root K Affinity Drivers and Photosynthetic Characteristics in Response to Low Potassium Stress in K High-Efficiency Vegetable Soybean_4b_20250710_164224.json
2025-07-10 17:49:42,822 - INFO -   ✓ Extracted 2 evidence pieces
2025-07-10 17:49:42,822 - INFO - 
Processing [22/25]: Soil K Balance in Sichuan_4b_20250710_164139.json
2025-07-10 17:49:42,831 - INFO -   ✓ Extracted 7 evidence pieces
2025-07-10 17:49:42,831 - INFO - 
Processing [23/25]: Standing Biomass, Dry-Matter Production, and Nutrient Demand of Tenera Oil Palm_4b_20250710_164155.json
2025-07-10 17:49:42,838 - INFO -   ✓ Extracted 1 evidence pieces
2025-07-10 17:49:42,838 - INFO - 
Processing [24/25]: Subsoil‑potassium depletion accounts for the nutrient budget in high‑potassium agricultural soils_4b_20250710_164137.json
2025-07-10 17:49:42,847 - INFO -   ✓ Extracted 1 evidence pieces
2025-07-10 17:49:42,847 - INFO - 
Processing [25/25]: Temporal andspatial variation of potassium balance in agricultural land at national and regional levels in China_4b_20250710_164215.json
2025-07-10 17:49:42,855 - INFO -   ✓ Extracted 2 evidence pieces
2025-07-10 17:49:42,884 - INFO - 
✓ Saved combined output to: 8_stage_outputs/stage_4_5_chunks/chunk5_manure_cycling_integration.json
2025-07-10 17:49:42,891 - INFO - ✓ Saved extraction report to: 8_stage_outputs/stage_4_5_chunks/chunk5_extraction_report.json
